<testsuites id="" name="" tests="128" failures="128" skipped="0" errors="0" time="94.22814600002765">
<testsuite name="tests\MercuryAvailabilityTest.spec.js" timestamp="1673972274204" hostname="" tests="7" failures="7" skipped="0" time="0.216" errors="0">
<testcase name="01.If Home page Available" classname="[chromium] › tests\MercuryAvailabilityTest.spec.js › 01.If Home page Available" time="0.03">
<failure message="MercuryAvailabilityTest.spec.js:3:5 01.If Home page Available" type="FAILURE">
<![CDATA[  [chromium] › tests\MercuryAvailabilityTest.spec.js:3:5 › 01.If Home page Available ===============

    Error: ENOENT: no such file or directory, open 'C:\Users\chiaj\Desktop\school work\Year2\Sem 2\PFD\Assignment 2\PlaywrightTesting\PlaywrightTesting-1\auth.json'


]]>
</failure>
</testcase>
<testcase name="02.If Transaction button Available" classname="[chromium] › tests\MercuryAvailabilityTest.spec.js › 02.If Transaction button Available" time="0.045">
<failure message="MercuryAvailabilityTest.spec.js:7:5 02.If Transaction button Available" type="FAILURE">
<![CDATA[  [chromium] › tests\MercuryAvailabilityTest.spec.js:7:5 › 02.If Transaction button Available ======

    Error: ENOENT: no such file or directory, open 'C:\Users\chiaj\Desktop\school work\Year2\Sem 2\PFD\Assignment 2\PlaywrightTesting\PlaywrightTesting-1\auth.json'


]]>
</failure>
</testcase>
<testcase name="03.If Payment button Available" classname="[chromium] › tests\MercuryAvailabilityTest.spec.js › 03.If Payment button Available" time="0.028">
<failure message="MercuryAvailabilityTest.spec.js:12:5 03.If Payment button Available" type="FAILURE">
<![CDATA[  [chromium] › tests\MercuryAvailabilityTest.spec.js:12:5 › 03.If Payment button Available =========

    Error: ENOENT: no such file or directory, open 'C:\Users\chiaj\Desktop\school work\Year2\Sem 2\PFD\Assignment 2\PlaywrightTesting\PlaywrightTesting-1\auth.json'


]]>
</failure>
</testcase>
<testcase name="04.If Cards button Available" classname="[chromium] › tests\MercuryAvailabilityTest.spec.js › 04.If Cards button Available" time="0.027">
<failure message="MercuryAvailabilityTest.spec.js:17:5 04.If Cards button Available" type="FAILURE">
<![CDATA[  [chromium] › tests\MercuryAvailabilityTest.spec.js:17:5 › 04.If Cards button Available ===========

    Error: ENOENT: no such file or directory, open 'C:\Users\chiaj\Desktop\school work\Year2\Sem 2\PFD\Assignment 2\PlaywrightTesting\PlaywrightTesting-1\auth.json'


]]>
</failure>
</testcase>
<testcase name="05.If Credit button Available" classname="[chromium] › tests\MercuryAvailabilityTest.spec.js › 05.If Credit button Available" time="0.04">
<failure message="MercuryAvailabilityTest.spec.js:22:5 05.If Credit button Available" type="FAILURE">
<![CDATA[  [chromium] › tests\MercuryAvailabilityTest.spec.js:22:5 › 05.If Credit button Available ==========

    Error: ENOENT: no such file or directory, open 'C:\Users\chiaj\Desktop\school work\Year2\Sem 2\PFD\Assignment 2\PlaywrightTesting\PlaywrightTesting-1\auth.json'


]]>
</failure>
</testcase>
<testcase name="06.If Tresury button Available" classname="[chromium] › tests\MercuryAvailabilityTest.spec.js › 06.If Tresury button Available" time="0.022">
<failure message="MercuryAvailabilityTest.spec.js:27:5 06.If Tresury button Available" type="FAILURE">
<![CDATA[  [chromium] › tests\MercuryAvailabilityTest.spec.js:27:5 › 06.If Tresury button Available =========

    Error: ENOENT: no such file or directory, open 'C:\Users\chiaj\Desktop\school work\Year2\Sem 2\PFD\Assignment 2\PlaywrightTesting\PlaywrightTesting-1\auth.json'


]]>
</failure>
</testcase>
<testcase name="07.If Capital button Available" classname="[chromium] › tests\MercuryAvailabilityTest.spec.js › 07.If Capital button Available" time="0.024">
<failure message="MercuryAvailabilityTest.spec.js:32:5 07.If Capital button Available" type="FAILURE">
<![CDATA[  [chromium] › tests\MercuryAvailabilityTest.spec.js:32:5 › 07.If Capital button Available =========

    Error: ENOENT: no such file or directory, open 'C:\Users\chiaj\Desktop\school work\Year2\Sem 2\PFD\Assignment 2\PlaywrightTesting\PlaywrightTesting-1\auth.json'


]]>
</failure>
</testcase>
</testsuite>
<testsuite name="tests\MercuryCardsTest.spec.js" timestamp="1673972274204" hostname="" tests="5" failures="5" skipped="0" time="0.168" errors="0">
<testcase name="20. If cards page available" classname="[chromium] › tests\MercuryCardsTest.spec.js › 20. If cards page available" time="0.024">
<failure message="MercuryCardsTest.spec.js:3:5 20. If cards page available" type="FAILURE">
<![CDATA[  [chromium] › tests\MercuryCardsTest.spec.js:3:5 › 20. If cards page available ====================

    Error: ENOENT: no such file or directory, open 'C:\Users\chiaj\Desktop\school work\Year2\Sem 2\PFD\Assignment 2\PlaywrightTesting\PlaywrightTesting-1\auth.json'


]]>
</failure>
</testcase>
<testcase name="21. Issue new standard card" classname="[chromium] › tests\MercuryCardsTest.spec.js › 21. Issue new standard card" time="0.028">
<failure message="MercuryCardsTest.spec.js:8:5 21. Issue new standard card" type="FAILURE">
<![CDATA[  [chromium] › tests\MercuryCardsTest.spec.js:8:5 › 21. Issue new standard card ====================

    Error: ENOENT: no such file or directory, open 'C:\Users\chiaj\Desktop\school work\Year2\Sem 2\PFD\Assignment 2\PlaywrightTesting\PlaywrightTesting-1\auth.json'


]]>
</failure>
</testcase>
<testcase name="22. Issue new merchant card" classname="[chromium] › tests\MercuryCardsTest.spec.js › 22. Issue new merchant card" time="0.042">
<failure message="MercuryCardsTest.spec.js:20:7 22. Issue new merchant card" type="FAILURE">
<![CDATA[  [chromium] › tests\MercuryCardsTest.spec.js:20:7 › 22. Issue new merchant card ===================

    Error: ENOENT: no such file or directory, open 'C:\Users\chiaj\Desktop\school work\Year2\Sem 2\PFD\Assignment 2\PlaywrightTesting\PlaywrightTesting-1\auth.json'


]]>
</failure>
</testcase>
<testcase name="23. Card filter test" classname="[chromium] › tests\MercuryCardsTest.spec.js › 23. Card filter test" time="0.029">
<failure message="MercuryCardsTest.spec.js:36:7 23. Card filter test" type="FAILURE">
<![CDATA[  [chromium] › tests\MercuryCardsTest.spec.js:36:7 › 23. Card filter test ==========================

    Error: ENOENT: no such file or directory, open 'C:\Users\chiaj\Desktop\school work\Year2\Sem 2\PFD\Assignment 2\PlaywrightTesting\PlaywrightTesting-1\auth.json'


]]>
</failure>
</testcase>
<testcase name="24. Card details and reveal" classname="[chromium] › tests\MercuryCardsTest.spec.js › 24. Card details and reveal" time="0.045">
<failure message="MercuryCardsTest.spec.js:44:7 24. Card details and reveal" type="FAILURE">
<![CDATA[  [chromium] › tests\MercuryCardsTest.spec.js:44:7 › 24. Card details and reveal ===================

    Error: ENOENT: no such file or directory, open 'C:\Users\chiaj\Desktop\school work\Year2\Sem 2\PFD\Assignment 2\PlaywrightTesting\PlaywrightTesting-1\auth.json'


]]>
</failure>
</testcase>
</testsuite>
<testsuite name="tests\MercuryCreditTest.spec.js" timestamp="1673972274204" hostname="" tests="2" failures="2" skipped="0" time="0.066" errors="0">
<testcase name="25. Credit Page available" classname="[chromium] › tests\MercuryCreditTest.spec.js › 25. Credit Page available" time="0.026">
<failure message="MercuryCreditTest.spec.js:3:5 25. Credit Page available" type="FAILURE">
<![CDATA[  [chromium] › tests\MercuryCreditTest.spec.js:3:5 › 25. Credit Page available =====================

    Error: ENOENT: no such file or directory, open 'C:\Users\chiaj\Desktop\school work\Year2\Sem 2\PFD\Assignment 2\PlaywrightTesting\PlaywrightTesting-1\auth.json'


]]>
</failure>
</testcase>
<testcase name="26. Credit pay" classname="[chromium] › tests\MercuryCreditTest.spec.js › 26. Credit pay" time="0.04">
<failure message="MercuryCreditTest.spec.js:8:5 26. Credit pay" type="FAILURE">
<![CDATA[  [chromium] › tests\MercuryCreditTest.spec.js:8:5 › 26. Credit pay ================================

    Error: ENOENT: no such file or directory, open 'C:\Users\chiaj\Desktop\school work\Year2\Sem 2\PFD\Assignment 2\PlaywrightTesting\PlaywrightTesting-1\auth.json'


]]>
</failure>
</testcase>
</testsuite>
<testsuite name="tests\MercuryHomeTest.spec.js" timestamp="1673972274204" hostname="" tests="6" failures="6" skipped="0" time="0.198" errors="0">
<testcase name="08.If signed in" classname="[chromium] › tests\MercuryHomeTest.spec.js › 08.If signed in" time="0.027">
<failure message="MercuryHomeTest.spec.js:3:5 08.If signed in" type="FAILURE">
<![CDATA[  [chromium] › tests\MercuryHomeTest.spec.js:3:5 › 08.If signed in =================================

    Error: ENOENT: no such file or directory, open 'C:\Users\chiaj\Desktop\school work\Year2\Sem 2\PFD\Assignment 2\PlaywrightTesting\PlaywrightTesting-1\auth.json'


]]>
</failure>
</testcase>
<testcase name="09. If Move money works" classname="[chromium] › tests\MercuryHomeTest.spec.js › 09. If Move money works" time="0.046">
<failure message="MercuryHomeTest.spec.js:9:5 09. If Move money works" type="FAILURE">
<![CDATA[  [chromium] › tests\MercuryHomeTest.spec.js:9:5 › 09. If Move money works =========================

    Error: ENOENT: no such file or directory, open 'C:\Users\chiaj\Desktop\school work\Year2\Sem 2\PFD\Assignment 2\PlaywrightTesting\PlaywrightTesting-1\auth.json'


]]>
</failure>
</testcase>
<testcase name="10. Add fund" classname="[chromium] › tests\MercuryHomeTest.spec.js › 10. Add fund" time="0.03">
<failure message="MercuryHomeTest.spec.js:35:5 10. Add fund" type="FAILURE">
<![CDATA[  [chromium] › tests\MercuryHomeTest.spec.js:35:5 › 10. Add fund ===================================

    Error: ENOENT: no such file or directory, open 'C:\Users\chiaj\Desktop\school work\Year2\Sem 2\PFD\Assignment 2\PlaywrightTesting\PlaywrightTesting-1\auth.json'


]]>
</failure>
</testcase>
<testcase name="11. Payment Request" classname="[chromium] › tests\MercuryHomeTest.spec.js › 11. Payment Request" time="0.038">
<failure message="MercuryHomeTest.spec.js:52:7 11. Payment Request" type="FAILURE">
<![CDATA[  [chromium] › tests\MercuryHomeTest.spec.js:52:7 › 11. Payment Request ============================

    Error: ENOENT: no such file or directory, open 'C:\Users\chiaj\Desktop\school work\Year2\Sem 2\PFD\Assignment 2\PlaywrightTesting\PlaywrightTesting-1\auth.json'


]]>
</failure>
</testcase>
<testcase name="12. Transfer Between Accounts" classname="[chromium] › tests\MercuryHomeTest.spec.js › 12. Transfer Between Accounts" time="0.027">
<failure message="MercuryHomeTest.spec.js:69:7 12. Transfer Between Accounts" type="FAILURE">
<![CDATA[  [chromium] › tests\MercuryHomeTest.spec.js:69:7 › 12. Transfer Between Accounts ==================

    Error: ENOENT: no such file or directory, open 'C:\Users\chiaj\Desktop\school work\Year2\Sem 2\PFD\Assignment 2\PlaywrightTesting\PlaywrightTesting-1\auth.json'


]]>
</failure>
</testcase>
<testcase name="13. Search Bar Function" classname="[chromium] › tests\MercuryHomeTest.spec.js › 13. Search Bar Function" time="0.03">
<failure message="MercuryHomeTest.spec.js:85:7 13. Search Bar Function" type="FAILURE">
<![CDATA[  [chromium] › tests\MercuryHomeTest.spec.js:85:7 › 13. Search Bar Function ========================

    Error: ENOENT: no such file or directory, open 'C:\Users\chiaj\Desktop\school work\Year2\Sem 2\PFD\Assignment 2\PlaywrightTesting\PlaywrightTesting-1\auth.json'


]]>
</failure>
</testcase>
</testsuite>
<testsuite name="tests\MercuryPaymentTest.spec.js" timestamp="1673972274204" hostname="" tests="6" failures="6" skipped="0" time="0.183" errors="0">
<testcase name="14. Payment Page available" classname="[chromium] › tests\MercuryPaymentTest.spec.js › 14. Payment Page available" time="0.032">
<failure message="MercuryPaymentTest.spec.js:3:5 14. Payment Page available" type="FAILURE">
<![CDATA[  [chromium] › tests\MercuryPaymentTest.spec.js:3:5 › 14. Payment Page available ===================

    Error: ENOENT: no such file or directory, open 'C:\Users\chiaj\Desktop\school work\Year2\Sem 2\PFD\Assignment 2\PlaywrightTesting\PlaywrightTesting-1\auth.json'


]]>
</failure>
</testcase>
<testcase name="15. Incoming Payment" classname="[chromium] › tests\MercuryPaymentTest.spec.js › 15. Incoming Payment" time="0.024">
<failure message="MercuryPaymentTest.spec.js:8:5 15. Incoming Payment" type="FAILURE">
<![CDATA[  [chromium] › tests\MercuryPaymentTest.spec.js:8:5 › 15. Incoming Payment =========================

    Error: ENOENT: no such file or directory, open 'C:\Users\chiaj\Desktop\school work\Year2\Sem 2\PFD\Assignment 2\PlaywrightTesting\PlaywrightTesting-1\auth.json'


]]>
</failure>
</testcase>
<testcase name="16. Recipents Page" classname="[chromium] › tests\MercuryPaymentTest.spec.js › 16. Recipents Page" time="0.024">
<failure message="MercuryPaymentTest.spec.js:18:7 16. Recipents Page" type="FAILURE">
<![CDATA[  [chromium] › tests\MercuryPaymentTest.spec.js:18:7 › 16. Recipents Page ==========================

    Error: ENOENT: no such file or directory, open 'C:\Users\chiaj\Desktop\school work\Year2\Sem 2\PFD\Assignment 2\PlaywrightTesting\PlaywrightTesting-1\auth.json'


]]>
</failure>
</testcase>
<testcase name="17. Recipents Details" classname="[chromium] › tests\MercuryPaymentTest.spec.js › 17. Recipents Details" time="0.024">
<failure message="MercuryPaymentTest.spec.js:24:7 17. Recipents Details" type="FAILURE">
<![CDATA[  [chromium] › tests\MercuryPaymentTest.spec.js:24:7 › 17. Recipents Details =======================

    Error: ENOENT: no such file or directory, open 'C:\Users\chiaj\Desktop\school work\Year2\Sem 2\PFD\Assignment 2\PlaywrightTesting\PlaywrightTesting-1\auth.json'


]]>
</failure>
</testcase>
<testcase name="18. Recipents request payment" classname="[chromium] › tests\MercuryPaymentTest.spec.js › 18. Recipents request payment" time="0.044">
<failure message="MercuryPaymentTest.spec.js:32:7 18. Recipents request payment" type="FAILURE">
<![CDATA[  [chromium] › tests\MercuryPaymentTest.spec.js:32:7 › 18. Recipents request payment ===============

    Error: ENOENT: no such file or directory, open 'C:\Users\chiaj\Desktop\school work\Year2\Sem 2\PFD\Assignment 2\PlaywrightTesting\PlaywrightTesting-1\auth.json'


]]>
</failure>
</testcase>
<testcase name="19. Send Payment" classname="[chromium] › tests\MercuryPaymentTest.spec.js › 19. Send Payment" time="0.035">
<failure message="MercuryPaymentTest.spec.js:47:7 19. Send Payment" type="FAILURE">
<![CDATA[  [chromium] › tests\MercuryPaymentTest.spec.js:47:7 › 19. Send Payment ============================

    Error: ENOENT: no such file or directory, open 'C:\Users\chiaj\Desktop\school work\Year2\Sem 2\PFD\Assignment 2\PlaywrightTesting\PlaywrightTesting-1\auth.json'


]]>
</failure>
</testcase>
</testsuite>
<testsuite name="tests\MercuryTransactionTest.spec.js" timestamp="1673972274204" hostname="" tests="2" failures="2" skipped="0" time="0.055" errors="0">
<testcase name="14. is Transaction filters works" classname="[chromium] › tests\MercuryTransactionTest.spec.js › 14. is Transaction filters works" time="0.029">
<failure message="MercuryTransactionTest.spec.js:3:5 14. is Transaction filters works" type="FAILURE">
<![CDATA[  [chromium] › tests\MercuryTransactionTest.spec.js:3:5 › 14. is Transaction filters works =========

    Error: ENOENT: no such file or directory, open 'C:\Users\chiaj\Desktop\school work\Year2\Sem 2\PFD\Assignment 2\PlaywrightTesting\PlaywrightTesting-1\auth.json'


]]>
</failure>
</testcase>
<testcase name="15. view all transactions" classname="[chromium] › tests\MercuryTransactionTest.spec.js › 15. view all transactions" time="0.026">
<failure message="MercuryTransactionTest.spec.js:16:5 15. view all transactions" type="FAILURE">
<![CDATA[  [chromium] › tests\MercuryTransactionTest.spec.js:16:5 › 15. view all transactions ===============

    Error: ENOENT: no such file or directory, open 'C:\Users\chiaj\Desktop\school work\Year2\Sem 2\PFD\Assignment 2\PlaywrightTesting\PlaywrightTesting-1\auth.json'


]]>
</failure>
</testcase>
</testsuite>
<testsuite name="tests\MercuryTreasuryTest.spec.js" timestamp="1673972274204" hostname="" tests="4" failures="4" skipped="0" time="0.101" errors="0">
<testcase name="27. Treasury Page Available" classname="[chromium] › tests\MercuryTreasuryTest.spec.js › 27. Treasury Page Available" time="0.026">
<failure message="MercuryTreasuryTest.spec.js:3:5 27. Treasury Page Available" type="FAILURE">
<![CDATA[  [chromium] › tests\MercuryTreasuryTest.spec.js:3:5 › 27. Treasury Page Available =================

    Error: ENOENT: no such file or directory, open 'C:\Users\chiaj\Desktop\school work\Year2\Sem 2\PFD\Assignment 2\PlaywrightTesting\PlaywrightTesting-1\auth.json'


]]>
</failure>
</testcase>
<testcase name="28. Treasury Transfer In" classname="[chromium] › tests\MercuryTreasuryTest.spec.js › 28. Treasury Transfer In" time="0.028">
<failure message="MercuryTreasuryTest.spec.js:8:5 28. Treasury Transfer In" type="FAILURE">
<![CDATA[  [chromium] › tests\MercuryTreasuryTest.spec.js:8:5 › 28. Treasury Transfer In ====================

    Error: ENOENT: no such file or directory, open 'C:\Users\chiaj\Desktop\school work\Year2\Sem 2\PFD\Assignment 2\PlaywrightTesting\PlaywrightTesting-1\auth.json'


]]>
</failure>
</testcase>
<testcase name="29. Treasury Transfer out" classname="[chromium] › tests\MercuryTreasuryTest.spec.js › 29. Treasury Transfer out" time="0.024">
<failure message="MercuryTreasuryTest.spec.js:22:5 29. Treasury Transfer out" type="FAILURE">
<![CDATA[  [chromium] › tests\MercuryTreasuryTest.spec.js:22:5 › 29. Treasury Transfer out ==================

    Error: ENOENT: no such file or directory, open 'C:\Users\chiaj\Desktop\school work\Year2\Sem 2\PFD\Assignment 2\PlaywrightTesting\PlaywrightTesting-1\auth.json'


]]>
</failure>
</testcase>
<testcase name="30. Treasury Daily and Monthly filter" classname="[chromium] › tests\MercuryTreasuryTest.spec.js › 30. Treasury Daily and Monthly filter" time="0.023">
<failure message="MercuryTreasuryTest.spec.js:36:5 30. Treasury Daily and Monthly filter" type="FAILURE">
<![CDATA[  [chromium] › tests\MercuryTreasuryTest.spec.js:36:5 › 30. Treasury Daily and Monthly filter ======

    Error: ENOENT: no such file or directory, open 'C:\Users\chiaj\Desktop\school work\Year2\Sem 2\PFD\Assignment 2\PlaywrightTesting\PlaywrightTesting-1\auth.json'


]]>
</failure>
</testcase>
</testsuite>
<testsuite name="tests\MercuryAvailabilityTest.spec.js" timestamp="1673972274204" hostname="" tests="7" failures="7" skipped="0" time="0.241" errors="0">
<testcase name="01.If Home page Available" classname="[pixel] › tests\MercuryAvailabilityTest.spec.js › 01.If Home page Available" time="0.037">
<failure message="MercuryAvailabilityTest.spec.js:3:5 01.If Home page Available" type="FAILURE">
<![CDATA[  [pixel] › tests\MercuryAvailabilityTest.spec.js:3:5 › 01.If Home page Available ==================

    Error: ENOENT: no such file or directory, open 'C:\Users\chiaj\Desktop\school work\Year2\Sem 2\PFD\Assignment 2\PlaywrightTesting\PlaywrightTesting-1\auth.json'


]]>
</failure>
</testcase>
<testcase name="02.If Transaction button Available" classname="[pixel] › tests\MercuryAvailabilityTest.spec.js › 02.If Transaction button Available" time="0.044">
<failure message="MercuryAvailabilityTest.spec.js:7:5 02.If Transaction button Available" type="FAILURE">
<![CDATA[  [pixel] › tests\MercuryAvailabilityTest.spec.js:7:5 › 02.If Transaction button Available =========

    Error: ENOENT: no such file or directory, open 'C:\Users\chiaj\Desktop\school work\Year2\Sem 2\PFD\Assignment 2\PlaywrightTesting\PlaywrightTesting-1\auth.json'


]]>
</failure>
</testcase>
<testcase name="03.If Payment button Available" classname="[pixel] › tests\MercuryAvailabilityTest.spec.js › 03.If Payment button Available" time="0.023">
<failure message="MercuryAvailabilityTest.spec.js:12:5 03.If Payment button Available" type="FAILURE">
<![CDATA[  [pixel] › tests\MercuryAvailabilityTest.spec.js:12:5 › 03.If Payment button Available ============

    Error: ENOENT: no such file or directory, open 'C:\Users\chiaj\Desktop\school work\Year2\Sem 2\PFD\Assignment 2\PlaywrightTesting\PlaywrightTesting-1\auth.json'


]]>
</failure>
</testcase>
<testcase name="04.If Cards button Available" classname="[pixel] › tests\MercuryAvailabilityTest.spec.js › 04.If Cards button Available" time="0.032">
<failure message="MercuryAvailabilityTest.spec.js:17:5 04.If Cards button Available" type="FAILURE">
<![CDATA[  [pixel] › tests\MercuryAvailabilityTest.spec.js:17:5 › 04.If Cards button Available ==============

    Error: ENOENT: no such file or directory, open 'C:\Users\chiaj\Desktop\school work\Year2\Sem 2\PFD\Assignment 2\PlaywrightTesting\PlaywrightTesting-1\auth.json'


]]>
</failure>
</testcase>
<testcase name="05.If Credit button Available" classname="[pixel] › tests\MercuryAvailabilityTest.spec.js › 05.If Credit button Available" time="0.036">
<failure message="MercuryAvailabilityTest.spec.js:22:5 05.If Credit button Available" type="FAILURE">
<![CDATA[  [pixel] › tests\MercuryAvailabilityTest.spec.js:22:5 › 05.If Credit button Available =============

    Error: ENOENT: no such file or directory, open 'C:\Users\chiaj\Desktop\school work\Year2\Sem 2\PFD\Assignment 2\PlaywrightTesting\PlaywrightTesting-1\auth.json'


]]>
</failure>
</testcase>
<testcase name="06.If Tresury button Available" classname="[pixel] › tests\MercuryAvailabilityTest.spec.js › 06.If Tresury button Available" time="0.033">
<failure message="MercuryAvailabilityTest.spec.js:27:5 06.If Tresury button Available" type="FAILURE">
<![CDATA[  [pixel] › tests\MercuryAvailabilityTest.spec.js:27:5 › 06.If Tresury button Available ============

    Error: ENOENT: no such file or directory, open 'C:\Users\chiaj\Desktop\school work\Year2\Sem 2\PFD\Assignment 2\PlaywrightTesting\PlaywrightTesting-1\auth.json'


]]>
</failure>
</testcase>
<testcase name="07.If Capital button Available" classname="[pixel] › tests\MercuryAvailabilityTest.spec.js › 07.If Capital button Available" time="0.036">
<failure message="MercuryAvailabilityTest.spec.js:32:5 07.If Capital button Available" type="FAILURE">
<![CDATA[  [pixel] › tests\MercuryAvailabilityTest.spec.js:32:5 › 07.If Capital button Available ============

    Error: ENOENT: no such file or directory, open 'C:\Users\chiaj\Desktop\school work\Year2\Sem 2\PFD\Assignment 2\PlaywrightTesting\PlaywrightTesting-1\auth.json'


]]>
</failure>
</testcase>
</testsuite>
<testsuite name="tests\MercuryCardsTest.spec.js" timestamp="1673972274204" hostname="" tests="5" failures="5" skipped="0" time="0.201" errors="0">
<testcase name="20. If cards page available" classname="[pixel] › tests\MercuryCardsTest.spec.js › 20. If cards page available" time="0.022">
<failure message="MercuryCardsTest.spec.js:3:5 20. If cards page available" type="FAILURE">
<![CDATA[  [pixel] › tests\MercuryCardsTest.spec.js:3:5 › 20. If cards page available =======================

    Error: ENOENT: no such file or directory, open 'C:\Users\chiaj\Desktop\school work\Year2\Sem 2\PFD\Assignment 2\PlaywrightTesting\PlaywrightTesting-1\auth.json'


]]>
</failure>
</testcase>
<testcase name="21. Issue new standard card" classname="[pixel] › tests\MercuryCardsTest.spec.js › 21. Issue new standard card" time="0.031">
<failure message="MercuryCardsTest.spec.js:8:5 21. Issue new standard card" type="FAILURE">
<![CDATA[  [pixel] › tests\MercuryCardsTest.spec.js:8:5 › 21. Issue new standard card =======================

    Error: ENOENT: no such file or directory, open 'C:\Users\chiaj\Desktop\school work\Year2\Sem 2\PFD\Assignment 2\PlaywrightTesting\PlaywrightTesting-1\auth.json'


]]>
</failure>
</testcase>
<testcase name="22. Issue new merchant card" classname="[pixel] › tests\MercuryCardsTest.spec.js › 22. Issue new merchant card" time="0.062">
<failure message="MercuryCardsTest.spec.js:20:7 22. Issue new merchant card" type="FAILURE">
<![CDATA[  [pixel] › tests\MercuryCardsTest.spec.js:20:7 › 22. Issue new merchant card ======================

    Error: ENOENT: no such file or directory, open 'C:\Users\chiaj\Desktop\school work\Year2\Sem 2\PFD\Assignment 2\PlaywrightTesting\PlaywrightTesting-1\auth.json'


]]>
</failure>
</testcase>
<testcase name="23. Card filter test" classname="[pixel] › tests\MercuryCardsTest.spec.js › 23. Card filter test" time="0.053">
<failure message="MercuryCardsTest.spec.js:36:7 23. Card filter test" type="FAILURE">
<![CDATA[  [pixel] › tests\MercuryCardsTest.spec.js:36:7 › 23. Card filter test =============================

    Error: ENOENT: no such file or directory, open 'C:\Users\chiaj\Desktop\school work\Year2\Sem 2\PFD\Assignment 2\PlaywrightTesting\PlaywrightTesting-1\auth.json'


]]>
</failure>
</testcase>
<testcase name="24. Card details and reveal" classname="[pixel] › tests\MercuryCardsTest.spec.js › 24. Card details and reveal" time="0.033">
<failure message="MercuryCardsTest.spec.js:44:7 24. Card details and reveal" type="FAILURE">
<![CDATA[  [pixel] › tests\MercuryCardsTest.spec.js:44:7 › 24. Card details and reveal ======================

    Error: ENOENT: no such file or directory, open 'C:\Users\chiaj\Desktop\school work\Year2\Sem 2\PFD\Assignment 2\PlaywrightTesting\PlaywrightTesting-1\auth.json'


]]>
</failure>
</testcase>
</testsuite>
<testsuite name="tests\MercuryCreditTest.spec.js" timestamp="1673972274204" hostname="" tests="2" failures="2" skipped="0" time="0.077" errors="0">
<testcase name="25. Credit Page available" classname="[pixel] › tests\MercuryCreditTest.spec.js › 25. Credit Page available" time="0.032">
<failure message="MercuryCreditTest.spec.js:3:5 25. Credit Page available" type="FAILURE">
<![CDATA[  [pixel] › tests\MercuryCreditTest.spec.js:3:5 › 25. Credit Page available ========================

    Error: ENOENT: no such file or directory, open 'C:\Users\chiaj\Desktop\school work\Year2\Sem 2\PFD\Assignment 2\PlaywrightTesting\PlaywrightTesting-1\auth.json'


]]>
</failure>
</testcase>
<testcase name="26. Credit pay" classname="[pixel] › tests\MercuryCreditTest.spec.js › 26. Credit pay" time="0.045">
<failure message="MercuryCreditTest.spec.js:8:5 26. Credit pay" type="FAILURE">
<![CDATA[  [pixel] › tests\MercuryCreditTest.spec.js:8:5 › 26. Credit pay ===================================

    Error: ENOENT: no such file or directory, open 'C:\Users\chiaj\Desktop\school work\Year2\Sem 2\PFD\Assignment 2\PlaywrightTesting\PlaywrightTesting-1\auth.json'


]]>
</failure>
</testcase>
</testsuite>
<testsuite name="tests\MercuryHomeTest.spec.js" timestamp="1673972274204" hostname="" tests="6" failures="6" skipped="0" time="0.233" errors="0">
<testcase name="08.If signed in" classname="[pixel] › tests\MercuryHomeTest.spec.js › 08.If signed in" time="0.024">
<failure message="MercuryHomeTest.spec.js:3:5 08.If signed in" type="FAILURE">
<![CDATA[  [pixel] › tests\MercuryHomeTest.spec.js:3:5 › 08.If signed in ====================================

    Error: ENOENT: no such file or directory, open 'C:\Users\chiaj\Desktop\school work\Year2\Sem 2\PFD\Assignment 2\PlaywrightTesting\PlaywrightTesting-1\auth.json'


]]>
</failure>
</testcase>
<testcase name="09. If Move money works" classname="[pixel] › tests\MercuryHomeTest.spec.js › 09. If Move money works" time="0.046">
<failure message="MercuryHomeTest.spec.js:9:5 09. If Move money works" type="FAILURE">
<![CDATA[  [pixel] › tests\MercuryHomeTest.spec.js:9:5 › 09. If Move money works ============================

    Error: ENOENT: no such file or directory, open 'C:\Users\chiaj\Desktop\school work\Year2\Sem 2\PFD\Assignment 2\PlaywrightTesting\PlaywrightTesting-1\auth.json'


]]>
</failure>
</testcase>
<testcase name="10. Add fund" classname="[pixel] › tests\MercuryHomeTest.spec.js › 10. Add fund" time="0.045">
<failure message="MercuryHomeTest.spec.js:35:5 10. Add fund" type="FAILURE">
<![CDATA[  [pixel] › tests\MercuryHomeTest.spec.js:35:5 › 10. Add fund ======================================

    Error: ENOENT: no such file or directory, open 'C:\Users\chiaj\Desktop\school work\Year2\Sem 2\PFD\Assignment 2\PlaywrightTesting\PlaywrightTesting-1\auth.json'


]]>
</failure>
</testcase>
<testcase name="11. Payment Request" classname="[pixel] › tests\MercuryHomeTest.spec.js › 11. Payment Request" time="0.027">
<failure message="MercuryHomeTest.spec.js:52:7 11. Payment Request" type="FAILURE">
<![CDATA[  [pixel] › tests\MercuryHomeTest.spec.js:52:7 › 11. Payment Request ===============================

    Error: ENOENT: no such file or directory, open 'C:\Users\chiaj\Desktop\school work\Year2\Sem 2\PFD\Assignment 2\PlaywrightTesting\PlaywrightTesting-1\auth.json'


]]>
</failure>
</testcase>
<testcase name="12. Transfer Between Accounts" classname="[pixel] › tests\MercuryHomeTest.spec.js › 12. Transfer Between Accounts" time="0.035">
<failure message="MercuryHomeTest.spec.js:69:7 12. Transfer Between Accounts" type="FAILURE">
<![CDATA[  [pixel] › tests\MercuryHomeTest.spec.js:69:7 › 12. Transfer Between Accounts =====================

    Error: ENOENT: no such file or directory, open 'C:\Users\chiaj\Desktop\school work\Year2\Sem 2\PFD\Assignment 2\PlaywrightTesting\PlaywrightTesting-1\auth.json'


]]>
</failure>
</testcase>
<testcase name="13. Search Bar Function" classname="[pixel] › tests\MercuryHomeTest.spec.js › 13. Search Bar Function" time="0.056">
<failure message="MercuryHomeTest.spec.js:85:7 13. Search Bar Function" type="FAILURE">
<![CDATA[  [pixel] › tests\MercuryHomeTest.spec.js:85:7 › 13. Search Bar Function ===========================

    Error: ENOENT: no such file or directory, open 'C:\Users\chiaj\Desktop\school work\Year2\Sem 2\PFD\Assignment 2\PlaywrightTesting\PlaywrightTesting-1\auth.json'


]]>
</failure>
</testcase>
</testsuite>
<testsuite name="tests\MercuryPaymentTest.spec.js" timestamp="1673972274204" hostname="" tests="6" failures="6" skipped="0" time="0.22" errors="0">
<testcase name="14. Payment Page available" classname="[pixel] › tests\MercuryPaymentTest.spec.js › 14. Payment Page available" time="0.044">
<failure message="MercuryPaymentTest.spec.js:3:5 14. Payment Page available" type="FAILURE">
<![CDATA[  [pixel] › tests\MercuryPaymentTest.spec.js:3:5 › 14. Payment Page available ======================

    Error: ENOENT: no such file or directory, open 'C:\Users\chiaj\Desktop\school work\Year2\Sem 2\PFD\Assignment 2\PlaywrightTesting\PlaywrightTesting-1\auth.json'


]]>
</failure>
</testcase>
<testcase name="15. Incoming Payment" classname="[pixel] › tests\MercuryPaymentTest.spec.js › 15. Incoming Payment" time="0.027">
<failure message="MercuryPaymentTest.spec.js:8:5 15. Incoming Payment" type="FAILURE">
<![CDATA[  [pixel] › tests\MercuryPaymentTest.spec.js:8:5 › 15. Incoming Payment ============================

    Error: ENOENT: no such file or directory, open 'C:\Users\chiaj\Desktop\school work\Year2\Sem 2\PFD\Assignment 2\PlaywrightTesting\PlaywrightTesting-1\auth.json'


]]>
</failure>
</testcase>
<testcase name="16. Recipents Page" classname="[pixel] › tests\MercuryPaymentTest.spec.js › 16. Recipents Page" time="0.055">
<failure message="MercuryPaymentTest.spec.js:18:7 16. Recipents Page" type="FAILURE">
<![CDATA[  [pixel] › tests\MercuryPaymentTest.spec.js:18:7 › 16. Recipents Page =============================

    Error: ENOENT: no such file or directory, open 'C:\Users\chiaj\Desktop\school work\Year2\Sem 2\PFD\Assignment 2\PlaywrightTesting\PlaywrightTesting-1\auth.json'


]]>
</failure>
</testcase>
<testcase name="17. Recipents Details" classname="[pixel] › tests\MercuryPaymentTest.spec.js › 17. Recipents Details" time="0.03">
<failure message="MercuryPaymentTest.spec.js:24:7 17. Recipents Details" type="FAILURE">
<![CDATA[  [pixel] › tests\MercuryPaymentTest.spec.js:24:7 › 17. Recipents Details ==========================

    Error: ENOENT: no such file or directory, open 'C:\Users\chiaj\Desktop\school work\Year2\Sem 2\PFD\Assignment 2\PlaywrightTesting\PlaywrightTesting-1\auth.json'


]]>
</failure>
</testcase>
<testcase name="18. Recipents request payment" classname="[pixel] › tests\MercuryPaymentTest.spec.js › 18. Recipents request payment" time="0.034">
<failure message="MercuryPaymentTest.spec.js:32:7 18. Recipents request payment" type="FAILURE">
<![CDATA[  [pixel] › tests\MercuryPaymentTest.spec.js:32:7 › 18. Recipents request payment ==================

    Error: ENOENT: no such file or directory, open 'C:\Users\chiaj\Desktop\school work\Year2\Sem 2\PFD\Assignment 2\PlaywrightTesting\PlaywrightTesting-1\auth.json'


]]>
</failure>
</testcase>
<testcase name="19. Send Payment" classname="[pixel] › tests\MercuryPaymentTest.spec.js › 19. Send Payment" time="0.03">
<failure message="MercuryPaymentTest.spec.js:47:7 19. Send Payment" type="FAILURE">
<![CDATA[  [pixel] › tests\MercuryPaymentTest.spec.js:47:7 › 19. Send Payment ===============================

    Error: ENOENT: no such file or directory, open 'C:\Users\chiaj\Desktop\school work\Year2\Sem 2\PFD\Assignment 2\PlaywrightTesting\PlaywrightTesting-1\auth.json'


]]>
</failure>
</testcase>
</testsuite>
<testsuite name="tests\MercuryTransactionTest.spec.js" timestamp="1673972274204" hostname="" tests="2" failures="2" skipped="0" time="0.065" errors="0">
<testcase name="14. is Transaction filters works" classname="[pixel] › tests\MercuryTransactionTest.spec.js › 14. is Transaction filters works" time="0.029">
<failure message="MercuryTransactionTest.spec.js:3:5 14. is Transaction filters works" type="FAILURE">
<![CDATA[  [pixel] › tests\MercuryTransactionTest.spec.js:3:5 › 14. is Transaction filters works ============

    Error: ENOENT: no such file or directory, open 'C:\Users\chiaj\Desktop\school work\Year2\Sem 2\PFD\Assignment 2\PlaywrightTesting\PlaywrightTesting-1\auth.json'


]]>
</failure>
</testcase>
<testcase name="15. view all transactions" classname="[pixel] › tests\MercuryTransactionTest.spec.js › 15. view all transactions" time="0.036">
<failure message="MercuryTransactionTest.spec.js:16:5 15. view all transactions" type="FAILURE">
<![CDATA[  [pixel] › tests\MercuryTransactionTest.spec.js:16:5 › 15. view all transactions ==================

    Error: ENOENT: no such file or directory, open 'C:\Users\chiaj\Desktop\school work\Year2\Sem 2\PFD\Assignment 2\PlaywrightTesting\PlaywrightTesting-1\auth.json'


]]>
</failure>
</testcase>
</testsuite>
<testsuite name="tests\MercuryTreasuryTest.spec.js" timestamp="1673972274204" hostname="" tests="4" failures="4" skipped="0" time="0.152" errors="0">
<testcase name="27. Treasury Page Available" classname="[pixel] › tests\MercuryTreasuryTest.spec.js › 27. Treasury Page Available" time="0.042">
<failure message="MercuryTreasuryTest.spec.js:3:5 27. Treasury Page Available" type="FAILURE">
<![CDATA[  [pixel] › tests\MercuryTreasuryTest.spec.js:3:5 › 27. Treasury Page Available ====================

    Error: ENOENT: no such file or directory, open 'C:\Users\chiaj\Desktop\school work\Year2\Sem 2\PFD\Assignment 2\PlaywrightTesting\PlaywrightTesting-1\auth.json'


]]>
</failure>
</testcase>
<testcase name="28. Treasury Transfer In" classname="[pixel] › tests\MercuryTreasuryTest.spec.js › 28. Treasury Transfer In" time="0.027">
<failure message="MercuryTreasuryTest.spec.js:8:5 28. Treasury Transfer In" type="FAILURE">
<![CDATA[  [pixel] › tests\MercuryTreasuryTest.spec.js:8:5 › 28. Treasury Transfer In =======================

    Error: ENOENT: no such file or directory, open 'C:\Users\chiaj\Desktop\school work\Year2\Sem 2\PFD\Assignment 2\PlaywrightTesting\PlaywrightTesting-1\auth.json'


]]>
</failure>
</testcase>
<testcase name="29. Treasury Transfer out" classname="[pixel] › tests\MercuryTreasuryTest.spec.js › 29. Treasury Transfer out" time="0.05">
<failure message="MercuryTreasuryTest.spec.js:22:5 29. Treasury Transfer out" type="FAILURE">
<![CDATA[  [pixel] › tests\MercuryTreasuryTest.spec.js:22:5 › 29. Treasury Transfer out =====================

    Error: ENOENT: no such file or directory, open 'C:\Users\chiaj\Desktop\school work\Year2\Sem 2\PFD\Assignment 2\PlaywrightTesting\PlaywrightTesting-1\auth.json'


]]>
</failure>
</testcase>
<testcase name="30. Treasury Daily and Monthly filter" classname="[pixel] › tests\MercuryTreasuryTest.spec.js › 30. Treasury Daily and Monthly filter" time="0.033">
<failure message="MercuryTreasuryTest.spec.js:36:5 30. Treasury Daily and Monthly filter" type="FAILURE">
<![CDATA[  [pixel] › tests\MercuryTreasuryTest.spec.js:36:5 › 30. Treasury Daily and Monthly filter =========

    Error: ENOENT: no such file or directory, open 'C:\Users\chiaj\Desktop\school work\Year2\Sem 2\PFD\Assignment 2\PlaywrightTesting\PlaywrightTesting-1\auth.json'


]]>
</failure>
</testcase>
</testsuite>
<testsuite name="tests\MercuryAvailabilityTest.spec.js" timestamp="1673972274204" hostname="" tests="7" failures="7" skipped="0" time="0.235" errors="0">
<testcase name="01.If Home page Available" classname="[firefox] › tests\MercuryAvailabilityTest.spec.js › 01.If Home page Available" time="0.037">
<failure message="MercuryAvailabilityTest.spec.js:3:5 01.If Home page Available" type="FAILURE">
<![CDATA[  [firefox] › tests\MercuryAvailabilityTest.spec.js:3:5 › 01.If Home page Available ================

    Error: ENOENT: no such file or directory, open 'C:\Users\chiaj\Desktop\school work\Year2\Sem 2\PFD\Assignment 2\PlaywrightTesting\PlaywrightTesting-1\auth.json'


]]>
</failure>
</testcase>
<testcase name="02.If Transaction button Available" classname="[firefox] › tests\MercuryAvailabilityTest.spec.js › 02.If Transaction button Available" time="0.031">
<failure message="MercuryAvailabilityTest.spec.js:7:5 02.If Transaction button Available" type="FAILURE">
<![CDATA[  [firefox] › tests\MercuryAvailabilityTest.spec.js:7:5 › 02.If Transaction button Available =======

    Error: ENOENT: no such file or directory, open 'C:\Users\chiaj\Desktop\school work\Year2\Sem 2\PFD\Assignment 2\PlaywrightTesting\PlaywrightTesting-1\auth.json'


]]>
</failure>
</testcase>
<testcase name="03.If Payment button Available" classname="[firefox] › tests\MercuryAvailabilityTest.spec.js › 03.If Payment button Available" time="0.031">
<failure message="MercuryAvailabilityTest.spec.js:12:5 03.If Payment button Available" type="FAILURE">
<![CDATA[  [firefox] › tests\MercuryAvailabilityTest.spec.js:12:5 › 03.If Payment button Available ==========

    Error: ENOENT: no such file or directory, open 'C:\Users\chiaj\Desktop\school work\Year2\Sem 2\PFD\Assignment 2\PlaywrightTesting\PlaywrightTesting-1\auth.json'


]]>
</failure>
</testcase>
<testcase name="04.If Cards button Available" classname="[firefox] › tests\MercuryAvailabilityTest.spec.js › 04.If Cards button Available" time="0.033">
<failure message="MercuryAvailabilityTest.spec.js:17:5 04.If Cards button Available" type="FAILURE">
<![CDATA[  [firefox] › tests\MercuryAvailabilityTest.spec.js:17:5 › 04.If Cards button Available ============

    Error: ENOENT: no such file or directory, open 'C:\Users\chiaj\Desktop\school work\Year2\Sem 2\PFD\Assignment 2\PlaywrightTesting\PlaywrightTesting-1\auth.json'


]]>
</failure>
</testcase>
<testcase name="05.If Credit button Available" classname="[firefox] › tests\MercuryAvailabilityTest.spec.js › 05.If Credit button Available" time="0.042">
<failure message="MercuryAvailabilityTest.spec.js:22:5 05.If Credit button Available" type="FAILURE">
<![CDATA[  [firefox] › tests\MercuryAvailabilityTest.spec.js:22:5 › 05.If Credit button Available ===========

    Error: ENOENT: no such file or directory, open 'C:\Users\chiaj\Desktop\school work\Year2\Sem 2\PFD\Assignment 2\PlaywrightTesting\PlaywrightTesting-1\auth.json'


]]>
</failure>
</testcase>
<testcase name="06.If Tresury button Available" classname="[firefox] › tests\MercuryAvailabilityTest.spec.js › 06.If Tresury button Available" time="0.025">
<failure message="MercuryAvailabilityTest.spec.js:27:5 06.If Tresury button Available" type="FAILURE">
<![CDATA[  [firefox] › tests\MercuryAvailabilityTest.spec.js:27:5 › 06.If Tresury button Available ==========

    Error: ENOENT: no such file or directory, open 'C:\Users\chiaj\Desktop\school work\Year2\Sem 2\PFD\Assignment 2\PlaywrightTesting\PlaywrightTesting-1\auth.json'


]]>
</failure>
</testcase>
<testcase name="07.If Capital button Available" classname="[firefox] › tests\MercuryAvailabilityTest.spec.js › 07.If Capital button Available" time="0.036">
<failure message="MercuryAvailabilityTest.spec.js:32:5 07.If Capital button Available" type="FAILURE">
<![CDATA[  [firefox] › tests\MercuryAvailabilityTest.spec.js:32:5 › 07.If Capital button Available ==========

    Error: ENOENT: no such file or directory, open 'C:\Users\chiaj\Desktop\school work\Year2\Sem 2\PFD\Assignment 2\PlaywrightTesting\PlaywrightTesting-1\auth.json'


]]>
</failure>
</testcase>
</testsuite>
<testsuite name="tests\MercuryCardsTest.spec.js" timestamp="1673972274204" hostname="" tests="5" failures="5" skipped="0" time="0.2" errors="0">
<testcase name="20. If cards page available" classname="[firefox] › tests\MercuryCardsTest.spec.js › 20. If cards page available" time="0.028">
<failure message="MercuryCardsTest.spec.js:3:5 20. If cards page available" type="FAILURE">
<![CDATA[  [firefox] › tests\MercuryCardsTest.spec.js:3:5 › 20. If cards page available =====================

    Error: ENOENT: no such file or directory, open 'C:\Users\chiaj\Desktop\school work\Year2\Sem 2\PFD\Assignment 2\PlaywrightTesting\PlaywrightTesting-1\auth.json'


]]>
</failure>
</testcase>
<testcase name="21. Issue new standard card" classname="[firefox] › tests\MercuryCardsTest.spec.js › 21. Issue new standard card" time="0.038">
<failure message="MercuryCardsTest.spec.js:8:5 21. Issue new standard card" type="FAILURE">
<![CDATA[  [firefox] › tests\MercuryCardsTest.spec.js:8:5 › 21. Issue new standard card =====================

    Error: ENOENT: no such file or directory, open 'C:\Users\chiaj\Desktop\school work\Year2\Sem 2\PFD\Assignment 2\PlaywrightTesting\PlaywrightTesting-1\auth.json'


]]>
</failure>
</testcase>
<testcase name="22. Issue new merchant card" classname="[firefox] › tests\MercuryCardsTest.spec.js › 22. Issue new merchant card" time="0.058">
<failure message="MercuryCardsTest.spec.js:20:7 22. Issue new merchant card" type="FAILURE">
<![CDATA[  [firefox] › tests\MercuryCardsTest.spec.js:20:7 › 22. Issue new merchant card ====================

    Error: ENOENT: no such file or directory, open 'C:\Users\chiaj\Desktop\school work\Year2\Sem 2\PFD\Assignment 2\PlaywrightTesting\PlaywrightTesting-1\auth.json'


]]>
</failure>
</testcase>
<testcase name="23. Card filter test" classname="[firefox] › tests\MercuryCardsTest.spec.js › 23. Card filter test" time="0.031">
<failure message="MercuryCardsTest.spec.js:36:7 23. Card filter test" type="FAILURE">
<![CDATA[  [firefox] › tests\MercuryCardsTest.spec.js:36:7 › 23. Card filter test ===========================

    Error: ENOENT: no such file or directory, open 'C:\Users\chiaj\Desktop\school work\Year2\Sem 2\PFD\Assignment 2\PlaywrightTesting\PlaywrightTesting-1\auth.json'


]]>
</failure>
</testcase>
<testcase name="24. Card details and reveal" classname="[firefox] › tests\MercuryCardsTest.spec.js › 24. Card details and reveal" time="0.045">
<failure message="MercuryCardsTest.spec.js:44:7 24. Card details and reveal" type="FAILURE">
<![CDATA[  [firefox] › tests\MercuryCardsTest.spec.js:44:7 › 24. Card details and reveal ====================

    Error: ENOENT: no such file or directory, open 'C:\Users\chiaj\Desktop\school work\Year2\Sem 2\PFD\Assignment 2\PlaywrightTesting\PlaywrightTesting-1\auth.json'


]]>
</failure>
</testcase>
</testsuite>
<testsuite name="tests\MercuryCreditTest.spec.js" timestamp="1673972274204" hostname="" tests="2" failures="2" skipped="0" time="0.084" errors="0">
<testcase name="25. Credit Page available" classname="[firefox] › tests\MercuryCreditTest.spec.js › 25. Credit Page available" time="0.045">
<failure message="MercuryCreditTest.spec.js:3:5 25. Credit Page available" type="FAILURE">
<![CDATA[  [firefox] › tests\MercuryCreditTest.spec.js:3:5 › 25. Credit Page available ======================

    Error: ENOENT: no such file or directory, open 'C:\Users\chiaj\Desktop\school work\Year2\Sem 2\PFD\Assignment 2\PlaywrightTesting\PlaywrightTesting-1\auth.json'


]]>
</failure>
</testcase>
<testcase name="26. Credit pay" classname="[firefox] › tests\MercuryCreditTest.spec.js › 26. Credit pay" time="0.039">
<failure message="MercuryCreditTest.spec.js:8:5 26. Credit pay" type="FAILURE">
<![CDATA[  [firefox] › tests\MercuryCreditTest.spec.js:8:5 › 26. Credit pay =================================

    Error: ENOENT: no such file or directory, open 'C:\Users\chiaj\Desktop\school work\Year2\Sem 2\PFD\Assignment 2\PlaywrightTesting\PlaywrightTesting-1\auth.json'


]]>
</failure>
</testcase>
</testsuite>
<testsuite name="tests\MercuryHomeTest.spec.js" timestamp="1673972274204" hostname="" tests="6" failures="6" skipped="0" time="0.211" errors="0">
<testcase name="08.If signed in" classname="[firefox] › tests\MercuryHomeTest.spec.js › 08.If signed in" time="0.046">
<failure message="MercuryHomeTest.spec.js:3:5 08.If signed in" type="FAILURE">
<![CDATA[  [firefox] › tests\MercuryHomeTest.spec.js:3:5 › 08.If signed in ==================================

    Error: ENOENT: no such file or directory, open 'C:\Users\chiaj\Desktop\school work\Year2\Sem 2\PFD\Assignment 2\PlaywrightTesting\PlaywrightTesting-1\auth.json'


]]>
</failure>
</testcase>
<testcase name="09. If Move money works" classname="[firefox] › tests\MercuryHomeTest.spec.js › 09. If Move money works" time="0.036">
<failure message="MercuryHomeTest.spec.js:9:5 09. If Move money works" type="FAILURE">
<![CDATA[  [firefox] › tests\MercuryHomeTest.spec.js:9:5 › 09. If Move money works ==========================

    Error: ENOENT: no such file or directory, open 'C:\Users\chiaj\Desktop\school work\Year2\Sem 2\PFD\Assignment 2\PlaywrightTesting\PlaywrightTesting-1\auth.json'


]]>
</failure>
</testcase>
<testcase name="10. Add fund" classname="[firefox] › tests\MercuryHomeTest.spec.js › 10. Add fund" time="0.039">
<failure message="MercuryHomeTest.spec.js:35:5 10. Add fund" type="FAILURE">
<![CDATA[  [firefox] › tests\MercuryHomeTest.spec.js:35:5 › 10. Add fund ====================================

    Error: ENOENT: no such file or directory, open 'C:\Users\chiaj\Desktop\school work\Year2\Sem 2\PFD\Assignment 2\PlaywrightTesting\PlaywrightTesting-1\auth.json'


]]>
</failure>
</testcase>
<testcase name="11. Payment Request" classname="[firefox] › tests\MercuryHomeTest.spec.js › 11. Payment Request" time="0.027">
<failure message="MercuryHomeTest.spec.js:52:7 11. Payment Request" type="FAILURE">
<![CDATA[  [firefox] › tests\MercuryHomeTest.spec.js:52:7 › 11. Payment Request =============================

    Error: ENOENT: no such file or directory, open 'C:\Users\chiaj\Desktop\school work\Year2\Sem 2\PFD\Assignment 2\PlaywrightTesting\PlaywrightTesting-1\auth.json'


]]>
</failure>
</testcase>
<testcase name="12. Transfer Between Accounts" classname="[firefox] › tests\MercuryHomeTest.spec.js › 12. Transfer Between Accounts" time="0.035">
<failure message="MercuryHomeTest.spec.js:69:7 12. Transfer Between Accounts" type="FAILURE">
<![CDATA[  [firefox] › tests\MercuryHomeTest.spec.js:69:7 › 12. Transfer Between Accounts ===================

    Error: ENOENT: no such file or directory, open 'C:\Users\chiaj\Desktop\school work\Year2\Sem 2\PFD\Assignment 2\PlaywrightTesting\PlaywrightTesting-1\auth.json'


]]>
</failure>
</testcase>
<testcase name="13. Search Bar Function" classname="[firefox] › tests\MercuryHomeTest.spec.js › 13. Search Bar Function" time="0.028">
<failure message="MercuryHomeTest.spec.js:85:7 13. Search Bar Function" type="FAILURE">
<![CDATA[  [firefox] › tests\MercuryHomeTest.spec.js:85:7 › 13. Search Bar Function =========================

    Error: ENOENT: no such file or directory, open 'C:\Users\chiaj\Desktop\school work\Year2\Sem 2\PFD\Assignment 2\PlaywrightTesting\PlaywrightTesting-1\auth.json'


]]>
</failure>
</testcase>
</testsuite>
<testsuite name="tests\MercuryPaymentTest.spec.js" timestamp="1673972274204" hostname="" tests="6" failures="6" skipped="0" time="0.208" errors="0">
<testcase name="14. Payment Page available" classname="[firefox] › tests\MercuryPaymentTest.spec.js › 14. Payment Page available" time="0.046">
<failure message="MercuryPaymentTest.spec.js:3:5 14. Payment Page available" type="FAILURE">
<![CDATA[  [firefox] › tests\MercuryPaymentTest.spec.js:3:5 › 14. Payment Page available ====================

    Error: ENOENT: no such file or directory, open 'C:\Users\chiaj\Desktop\school work\Year2\Sem 2\PFD\Assignment 2\PlaywrightTesting\PlaywrightTesting-1\auth.json'


]]>
</failure>
</testcase>
<testcase name="15. Incoming Payment" classname="[firefox] › tests\MercuryPaymentTest.spec.js › 15. Incoming Payment" time="0.033">
<failure message="MercuryPaymentTest.spec.js:8:5 15. Incoming Payment" type="FAILURE">
<![CDATA[  [firefox] › tests\MercuryPaymentTest.spec.js:8:5 › 15. Incoming Payment ==========================

    Error: ENOENT: no such file or directory, open 'C:\Users\chiaj\Desktop\school work\Year2\Sem 2\PFD\Assignment 2\PlaywrightTesting\PlaywrightTesting-1\auth.json'


]]>
</failure>
</testcase>
<testcase name="16. Recipents Page" classname="[firefox] › tests\MercuryPaymentTest.spec.js › 16. Recipents Page" time="0.034">
<failure message="MercuryPaymentTest.spec.js:18:7 16. Recipents Page" type="FAILURE">
<![CDATA[  [firefox] › tests\MercuryPaymentTest.spec.js:18:7 › 16. Recipents Page ===========================

    Error: ENOENT: no such file or directory, open 'C:\Users\chiaj\Desktop\school work\Year2\Sem 2\PFD\Assignment 2\PlaywrightTesting\PlaywrightTesting-1\auth.json'


]]>
</failure>
</testcase>
<testcase name="17. Recipents Details" classname="[firefox] › tests\MercuryPaymentTest.spec.js › 17. Recipents Details" time="0.034">
<failure message="MercuryPaymentTest.spec.js:24:7 17. Recipents Details" type="FAILURE">
<![CDATA[  [firefox] › tests\MercuryPaymentTest.spec.js:24:7 › 17. Recipents Details ========================

    Error: ENOENT: no such file or directory, open 'C:\Users\chiaj\Desktop\school work\Year2\Sem 2\PFD\Assignment 2\PlaywrightTesting\PlaywrightTesting-1\auth.json'


]]>
</failure>
</testcase>
<testcase name="18. Recipents request payment" classname="[firefox] › tests\MercuryPaymentTest.spec.js › 18. Recipents request payment" time="0.03">
<failure message="MercuryPaymentTest.spec.js:32:7 18. Recipents request payment" type="FAILURE">
<![CDATA[  [firefox] › tests\MercuryPaymentTest.spec.js:32:7 › 18. Recipents request payment ================

    Error: ENOENT: no such file or directory, open 'C:\Users\chiaj\Desktop\school work\Year2\Sem 2\PFD\Assignment 2\PlaywrightTesting\PlaywrightTesting-1\auth.json'


]]>
</failure>
</testcase>
<testcase name="19. Send Payment" classname="[firefox] › tests\MercuryPaymentTest.spec.js › 19. Send Payment" time="0.031">
<failure message="MercuryPaymentTest.spec.js:47:7 19. Send Payment" type="FAILURE">
<![CDATA[  [firefox] › tests\MercuryPaymentTest.spec.js:47:7 › 19. Send Payment =============================

    Error: ENOENT: no such file or directory, open 'C:\Users\chiaj\Desktop\school work\Year2\Sem 2\PFD\Assignment 2\PlaywrightTesting\PlaywrightTesting-1\auth.json'


]]>
</failure>
</testcase>
</testsuite>
<testsuite name="tests\MercuryTransactionTest.spec.js" timestamp="1673972274204" hostname="" tests="2" failures="2" skipped="0" time="0.06" errors="0">
<testcase name="14. is Transaction filters works" classname="[firefox] › tests\MercuryTransactionTest.spec.js › 14. is Transaction filters works" time="0.032">
<failure message="MercuryTransactionTest.spec.js:3:5 14. is Transaction filters works" type="FAILURE">
<![CDATA[  [firefox] › tests\MercuryTransactionTest.spec.js:3:5 › 14. is Transaction filters works ==========

    Error: ENOENT: no such file or directory, open 'C:\Users\chiaj\Desktop\school work\Year2\Sem 2\PFD\Assignment 2\PlaywrightTesting\PlaywrightTesting-1\auth.json'


]]>
</failure>
</testcase>
<testcase name="15. view all transactions" classname="[firefox] › tests\MercuryTransactionTest.spec.js › 15. view all transactions" time="0.028">
<failure message="MercuryTransactionTest.spec.js:16:5 15. view all transactions" type="FAILURE">
<![CDATA[  [firefox] › tests\MercuryTransactionTest.spec.js:16:5 › 15. view all transactions ================

    Error: ENOENT: no such file or directory, open 'C:\Users\chiaj\Desktop\school work\Year2\Sem 2\PFD\Assignment 2\PlaywrightTesting\PlaywrightTesting-1\auth.json'


]]>
</failure>
</testcase>
</testsuite>
<testsuite name="tests\MercuryTreasuryTest.spec.js" timestamp="1673972274204" hostname="" tests="4" failures="4" skipped="0" time="0.128" errors="0">
<testcase name="27. Treasury Page Available" classname="[firefox] › tests\MercuryTreasuryTest.spec.js › 27. Treasury Page Available" time="0.035">
<failure message="MercuryTreasuryTest.spec.js:3:5 27. Treasury Page Available" type="FAILURE">
<![CDATA[  [firefox] › tests\MercuryTreasuryTest.spec.js:3:5 › 27. Treasury Page Available ==================

    Error: ENOENT: no such file or directory, open 'C:\Users\chiaj\Desktop\school work\Year2\Sem 2\PFD\Assignment 2\PlaywrightTesting\PlaywrightTesting-1\auth.json'


]]>
</failure>
</testcase>
<testcase name="28. Treasury Transfer In" classname="[firefox] › tests\MercuryTreasuryTest.spec.js › 28. Treasury Transfer In" time="0.028">
<failure message="MercuryTreasuryTest.spec.js:8:5 28. Treasury Transfer In" type="FAILURE">
<![CDATA[  [firefox] › tests\MercuryTreasuryTest.spec.js:8:5 › 28. Treasury Transfer In =====================

    Error: ENOENT: no such file or directory, open 'C:\Users\chiaj\Desktop\school work\Year2\Sem 2\PFD\Assignment 2\PlaywrightTesting\PlaywrightTesting-1\auth.json'


]]>
</failure>
</testcase>
<testcase name="29. Treasury Transfer out" classname="[firefox] › tests\MercuryTreasuryTest.spec.js › 29. Treasury Transfer out" time="0.032">
<failure message="MercuryTreasuryTest.spec.js:22:5 29. Treasury Transfer out" type="FAILURE">
<![CDATA[  [firefox] › tests\MercuryTreasuryTest.spec.js:22:5 › 29. Treasury Transfer out ===================

    Error: ENOENT: no such file or directory, open 'C:\Users\chiaj\Desktop\school work\Year2\Sem 2\PFD\Assignment 2\PlaywrightTesting\PlaywrightTesting-1\auth.json'


]]>
</failure>
</testcase>
<testcase name="30. Treasury Daily and Monthly filter" classname="[firefox] › tests\MercuryTreasuryTest.spec.js › 30. Treasury Daily and Monthly filter" time="0.033">
<failure message="MercuryTreasuryTest.spec.js:36:5 30. Treasury Daily and Monthly filter" type="FAILURE">
<![CDATA[  [firefox] › tests\MercuryTreasuryTest.spec.js:36:5 › 30. Treasury Daily and Monthly filter =======

    Error: ENOENT: no such file or directory, open 'C:\Users\chiaj\Desktop\school work\Year2\Sem 2\PFD\Assignment 2\PlaywrightTesting\PlaywrightTesting-1\auth.json'


]]>
</failure>
</testcase>
</testsuite>
<testsuite name="tests\MercuryAvailabilityTest.spec.js" timestamp="1673972274204" hostname="" tests="7" failures="7" skipped="0" time="0.226" errors="0">
<testcase name="01.If Home page Available" classname="[webkit] › tests\MercuryAvailabilityTest.spec.js › 01.If Home page Available" time="0.046">
<failure message="MercuryAvailabilityTest.spec.js:3:5 01.If Home page Available" type="FAILURE">
<![CDATA[  [webkit] › tests\MercuryAvailabilityTest.spec.js:3:5 › 01.If Home page Available =================

    Error: ENOENT: no such file or directory, open 'C:\Users\chiaj\Desktop\school work\Year2\Sem 2\PFD\Assignment 2\PlaywrightTesting\PlaywrightTesting-1\auth.json'


]]>
</failure>
</testcase>
<testcase name="02.If Transaction button Available" classname="[webkit] › tests\MercuryAvailabilityTest.spec.js › 02.If Transaction button Available" time="0.034">
<failure message="MercuryAvailabilityTest.spec.js:7:5 02.If Transaction button Available" type="FAILURE">
<![CDATA[  [webkit] › tests\MercuryAvailabilityTest.spec.js:7:5 › 02.If Transaction button Available ========

    Error: ENOENT: no such file or directory, open 'C:\Users\chiaj\Desktop\school work\Year2\Sem 2\PFD\Assignment 2\PlaywrightTesting\PlaywrightTesting-1\auth.json'


]]>
</failure>
</testcase>
<testcase name="03.If Payment button Available" classname="[webkit] › tests\MercuryAvailabilityTest.spec.js › 03.If Payment button Available" time="0.029">
<failure message="MercuryAvailabilityTest.spec.js:12:5 03.If Payment button Available" type="FAILURE">
<![CDATA[  [webkit] › tests\MercuryAvailabilityTest.spec.js:12:5 › 03.If Payment button Available ===========

    Error: ENOENT: no such file or directory, open 'C:\Users\chiaj\Desktop\school work\Year2\Sem 2\PFD\Assignment 2\PlaywrightTesting\PlaywrightTesting-1\auth.json'


]]>
</failure>
</testcase>
<testcase name="04.If Cards button Available" classname="[webkit] › tests\MercuryAvailabilityTest.spec.js › 04.If Cards button Available" time="0.033">
<failure message="MercuryAvailabilityTest.spec.js:17:5 04.If Cards button Available" type="FAILURE">
<![CDATA[  [webkit] › tests\MercuryAvailabilityTest.spec.js:17:5 › 04.If Cards button Available =============

    Error: ENOENT: no such file or directory, open 'C:\Users\chiaj\Desktop\school work\Year2\Sem 2\PFD\Assignment 2\PlaywrightTesting\PlaywrightTesting-1\auth.json'


]]>
</failure>
</testcase>
<testcase name="05.If Credit button Available" classname="[webkit] › tests\MercuryAvailabilityTest.spec.js › 05.If Credit button Available" time="0.03">
<failure message="MercuryAvailabilityTest.spec.js:22:5 05.If Credit button Available" type="FAILURE">
<![CDATA[  [webkit] › tests\MercuryAvailabilityTest.spec.js:22:5 › 05.If Credit button Available ============

    Error: ENOENT: no such file or directory, open 'C:\Users\chiaj\Desktop\school work\Year2\Sem 2\PFD\Assignment 2\PlaywrightTesting\PlaywrightTesting-1\auth.json'


]]>
</failure>
</testcase>
<testcase name="06.If Tresury button Available" classname="[webkit] › tests\MercuryAvailabilityTest.spec.js › 06.If Tresury button Available" time="0.028">
<failure message="MercuryAvailabilityTest.spec.js:27:5 06.If Tresury button Available" type="FAILURE">
<![CDATA[  [webkit] › tests\MercuryAvailabilityTest.spec.js:27:5 › 06.If Tresury button Available ===========

    Error: ENOENT: no such file or directory, open 'C:\Users\chiaj\Desktop\school work\Year2\Sem 2\PFD\Assignment 2\PlaywrightTesting\PlaywrightTesting-1\auth.json'


]]>
</failure>
</testcase>
<testcase name="07.If Capital button Available" classname="[webkit] › tests\MercuryAvailabilityTest.spec.js › 07.If Capital button Available" time="0.026">
<failure message="MercuryAvailabilityTest.spec.js:32:5 07.If Capital button Available" type="FAILURE">
<![CDATA[  [webkit] › tests\MercuryAvailabilityTest.spec.js:32:5 › 07.If Capital button Available ===========

    Error: ENOENT: no such file or directory, open 'C:\Users\chiaj\Desktop\school work\Year2\Sem 2\PFD\Assignment 2\PlaywrightTesting\PlaywrightTesting-1\auth.json'


]]>
</failure>
</testcase>
</testsuite>
<testsuite name="tests\MercuryCardsTest.spec.js" timestamp="1673972274204" hostname="" tests="5" failures="5" skipped="0" time="0.191" errors="0">
<testcase name="20. If cards page available" classname="[webkit] › tests\MercuryCardsTest.spec.js › 20. If cards page available" time="0.028">
<failure message="MercuryCardsTest.spec.js:3:5 20. If cards page available" type="FAILURE">
<![CDATA[  [webkit] › tests\MercuryCardsTest.spec.js:3:5 › 20. If cards page available ======================

    Error: ENOENT: no such file or directory, open 'C:\Users\chiaj\Desktop\school work\Year2\Sem 2\PFD\Assignment 2\PlaywrightTesting\PlaywrightTesting-1\auth.json'


]]>
</failure>
</testcase>
<testcase name="21. Issue new standard card" classname="[webkit] › tests\MercuryCardsTest.spec.js › 21. Issue new standard card" time="0.052">
<failure message="MercuryCardsTest.spec.js:8:5 21. Issue new standard card" type="FAILURE">
<![CDATA[  [webkit] › tests\MercuryCardsTest.spec.js:8:5 › 21. Issue new standard card ======================

    Error: ENOENT: no such file or directory, open 'C:\Users\chiaj\Desktop\school work\Year2\Sem 2\PFD\Assignment 2\PlaywrightTesting\PlaywrightTesting-1\auth.json'


]]>
</failure>
</testcase>
<testcase name="22. Issue new merchant card" classname="[webkit] › tests\MercuryCardsTest.spec.js › 22. Issue new merchant card" time="0.039">
<failure message="MercuryCardsTest.spec.js:20:7 22. Issue new merchant card" type="FAILURE">
<![CDATA[  [webkit] › tests\MercuryCardsTest.spec.js:20:7 › 22. Issue new merchant card =====================

    Error: ENOENT: no such file or directory, open 'C:\Users\chiaj\Desktop\school work\Year2\Sem 2\PFD\Assignment 2\PlaywrightTesting\PlaywrightTesting-1\auth.json'


]]>
</failure>
</testcase>
<testcase name="23. Card filter test" classname="[webkit] › tests\MercuryCardsTest.spec.js › 23. Card filter test" time="0.038">
<failure message="MercuryCardsTest.spec.js:36:7 23. Card filter test" type="FAILURE">
<![CDATA[  [webkit] › tests\MercuryCardsTest.spec.js:36:7 › 23. Card filter test ============================

    Error: ENOENT: no such file or directory, open 'C:\Users\chiaj\Desktop\school work\Year2\Sem 2\PFD\Assignment 2\PlaywrightTesting\PlaywrightTesting-1\auth.json'


]]>
</failure>
</testcase>
<testcase name="24. Card details and reveal" classname="[webkit] › tests\MercuryCardsTest.spec.js › 24. Card details and reveal" time="0.034">
<failure message="MercuryCardsTest.spec.js:44:7 24. Card details and reveal" type="FAILURE">
<![CDATA[  [webkit] › tests\MercuryCardsTest.spec.js:44:7 › 24. Card details and reveal =====================

    Error: ENOENT: no such file or directory, open 'C:\Users\chiaj\Desktop\school work\Year2\Sem 2\PFD\Assignment 2\PlaywrightTesting\PlaywrightTesting-1\auth.json'


]]>
</failure>
</testcase>
</testsuite>
<testsuite name="tests\MercuryCreditTest.spec.js" timestamp="1673972274204" hostname="" tests="2" failures="2" skipped="0" time="0.079" errors="0">
<testcase name="25. Credit Page available" classname="[webkit] › tests\MercuryCreditTest.spec.js › 25. Credit Page available" time="0.051">
<failure message="MercuryCreditTest.spec.js:3:5 25. Credit Page available" type="FAILURE">
<![CDATA[  [webkit] › tests\MercuryCreditTest.spec.js:3:5 › 25. Credit Page available =======================

    Error: ENOENT: no such file or directory, open 'C:\Users\chiaj\Desktop\school work\Year2\Sem 2\PFD\Assignment 2\PlaywrightTesting\PlaywrightTesting-1\auth.json'


]]>
</failure>
</testcase>
<testcase name="26. Credit pay" classname="[webkit] › tests\MercuryCreditTest.spec.js › 26. Credit pay" time="0.028">
<failure message="MercuryCreditTest.spec.js:8:5 26. Credit pay" type="FAILURE">
<![CDATA[  [webkit] › tests\MercuryCreditTest.spec.js:8:5 › 26. Credit pay ==================================

    Error: ENOENT: no such file or directory, open 'C:\Users\chiaj\Desktop\school work\Year2\Sem 2\PFD\Assignment 2\PlaywrightTesting\PlaywrightTesting-1\auth.json'


]]>
</failure>
</testcase>
</testsuite>
<testsuite name="tests\MercuryHomeTest.spec.js" timestamp="1673972274204" hostname="" tests="6" failures="6" skipped="0" time="0.215" errors="0">
<testcase name="08.If signed in" classname="[webkit] › tests\MercuryHomeTest.spec.js › 08.If signed in" time="0.038">
<failure message="MercuryHomeTest.spec.js:3:5 08.If signed in" type="FAILURE">
<![CDATA[  [webkit] › tests\MercuryHomeTest.spec.js:3:5 › 08.If signed in ===================================

    Error: ENOENT: no such file or directory, open 'C:\Users\chiaj\Desktop\school work\Year2\Sem 2\PFD\Assignment 2\PlaywrightTesting\PlaywrightTesting-1\auth.json'


]]>
</failure>
</testcase>
<testcase name="09. If Move money works" classname="[webkit] › tests\MercuryHomeTest.spec.js › 09. If Move money works" time="0.036">
<failure message="MercuryHomeTest.spec.js:9:5 09. If Move money works" type="FAILURE">
<![CDATA[  [webkit] › tests\MercuryHomeTest.spec.js:9:5 › 09. If Move money works ===========================

    Error: ENOENT: no such file or directory, open 'C:\Users\chiaj\Desktop\school work\Year2\Sem 2\PFD\Assignment 2\PlaywrightTesting\PlaywrightTesting-1\auth.json'


]]>
</failure>
</testcase>
<testcase name="10. Add fund" classname="[webkit] › tests\MercuryHomeTest.spec.js › 10. Add fund" time="0.046">
<failure message="MercuryHomeTest.spec.js:35:5 10. Add fund" type="FAILURE">
<![CDATA[  [webkit] › tests\MercuryHomeTest.spec.js:35:5 › 10. Add fund =====================================

    Error: ENOENT: no such file or directory, open 'C:\Users\chiaj\Desktop\school work\Year2\Sem 2\PFD\Assignment 2\PlaywrightTesting\PlaywrightTesting-1\auth.json'


]]>
</failure>
</testcase>
<testcase name="11. Payment Request" classname="[webkit] › tests\MercuryHomeTest.spec.js › 11. Payment Request" time="0.042">
<failure message="MercuryHomeTest.spec.js:52:7 11. Payment Request" type="FAILURE">
<![CDATA[  [webkit] › tests\MercuryHomeTest.spec.js:52:7 › 11. Payment Request ==============================

    Error: ENOENT: no such file or directory, open 'C:\Users\chiaj\Desktop\school work\Year2\Sem 2\PFD\Assignment 2\PlaywrightTesting\PlaywrightTesting-1\auth.json'


]]>
</failure>
</testcase>
<testcase name="12. Transfer Between Accounts" classname="[webkit] › tests\MercuryHomeTest.spec.js › 12. Transfer Between Accounts" time="0.033">
<failure message="MercuryHomeTest.spec.js:69:7 12. Transfer Between Accounts" type="FAILURE">
<![CDATA[  [webkit] › tests\MercuryHomeTest.spec.js:69:7 › 12. Transfer Between Accounts ====================

    Error: ENOENT: no such file or directory, open 'C:\Users\chiaj\Desktop\school work\Year2\Sem 2\PFD\Assignment 2\PlaywrightTesting\PlaywrightTesting-1\auth.json'


]]>
</failure>
</testcase>
<testcase name="13. Search Bar Function" classname="[webkit] › tests\MercuryHomeTest.spec.js › 13. Search Bar Function" time="0.02">
<failure message="MercuryHomeTest.spec.js:85:7 13. Search Bar Function" type="FAILURE">
<![CDATA[  [webkit] › tests\MercuryHomeTest.spec.js:85:7 › 13. Search Bar Function ==========================

    Error: ENOENT: no such file or directory, open 'C:\Users\chiaj\Desktop\school work\Year2\Sem 2\PFD\Assignment 2\PlaywrightTesting\PlaywrightTesting-1\auth.json'


]]>
</failure>
</testcase>
</testsuite>
<testsuite name="tests\MercuryPaymentTest.spec.js" timestamp="1673972274204" hostname="" tests="6" failures="6" skipped="0" time="0.17" errors="0">
<testcase name="14. Payment Page available" classname="[webkit] › tests\MercuryPaymentTest.spec.js › 14. Payment Page available" time="0.036">
<failure message="MercuryPaymentTest.spec.js:3:5 14. Payment Page available" type="FAILURE">
<![CDATA[  [webkit] › tests\MercuryPaymentTest.spec.js:3:5 › 14. Payment Page available =====================

    Error: ENOENT: no such file or directory, open 'C:\Users\chiaj\Desktop\school work\Year2\Sem 2\PFD\Assignment 2\PlaywrightTesting\PlaywrightTesting-1\auth.json'


]]>
</failure>
</testcase>
<testcase name="15. Incoming Payment" classname="[webkit] › tests\MercuryPaymentTest.spec.js › 15. Incoming Payment" time="0.049">
<failure message="MercuryPaymentTest.spec.js:8:5 15. Incoming Payment" type="FAILURE">
<![CDATA[  [webkit] › tests\MercuryPaymentTest.spec.js:8:5 › 15. Incoming Payment ===========================

    Error: ENOENT: no such file or directory, open 'C:\Users\chiaj\Desktop\school work\Year2\Sem 2\PFD\Assignment 2\PlaywrightTesting\PlaywrightTesting-1\auth.json'


]]>
</failure>
</testcase>
<testcase name="16. Recipents Page" classname="[webkit] › tests\MercuryPaymentTest.spec.js › 16. Recipents Page" time="0.024">
<failure message="MercuryPaymentTest.spec.js:18:7 16. Recipents Page" type="FAILURE">
<![CDATA[  [webkit] › tests\MercuryPaymentTest.spec.js:18:7 › 16. Recipents Page ============================

    Error: ENOENT: no such file or directory, open 'C:\Users\chiaj\Desktop\school work\Year2\Sem 2\PFD\Assignment 2\PlaywrightTesting\PlaywrightTesting-1\auth.json'


]]>
</failure>
</testcase>
<testcase name="17. Recipents Details" classname="[webkit] › tests\MercuryPaymentTest.spec.js › 17. Recipents Details" time="0.024">
<failure message="MercuryPaymentTest.spec.js:24:7 17. Recipents Details" type="FAILURE">
<![CDATA[  [webkit] › tests\MercuryPaymentTest.spec.js:24:7 › 17. Recipents Details =========================

    Error: ENOENT: no such file or directory, open 'C:\Users\chiaj\Desktop\school work\Year2\Sem 2\PFD\Assignment 2\PlaywrightTesting\PlaywrightTesting-1\auth.json'


]]>
</failure>
</testcase>
<testcase name="18. Recipents request payment" classname="[webkit] › tests\MercuryPaymentTest.spec.js › 18. Recipents request payment" time="0.019">
<failure message="MercuryPaymentTest.spec.js:32:7 18. Recipents request payment" type="FAILURE">
<![CDATA[  [webkit] › tests\MercuryPaymentTest.spec.js:32:7 › 18. Recipents request payment =================

    Error: ENOENT: no such file or directory, open 'C:\Users\chiaj\Desktop\school work\Year2\Sem 2\PFD\Assignment 2\PlaywrightTesting\PlaywrightTesting-1\auth.json'


]]>
</failure>
</testcase>
<testcase name="19. Send Payment" classname="[webkit] › tests\MercuryPaymentTest.spec.js › 19. Send Payment" time="0.018">
<failure message="MercuryPaymentTest.spec.js:47:7 19. Send Payment" type="FAILURE">
<![CDATA[  [webkit] › tests\MercuryPaymentTest.spec.js:47:7 › 19. Send Payment ==============================

    Error: ENOENT: no such file or directory, open 'C:\Users\chiaj\Desktop\school work\Year2\Sem 2\PFD\Assignment 2\PlaywrightTesting\PlaywrightTesting-1\auth.json'


]]>
</failure>
</testcase>
</testsuite>
<testsuite name="tests\MercuryTransactionTest.spec.js" timestamp="1673972274204" hostname="" tests="2" failures="2" skipped="0" time="0.056" errors="0">
<testcase name="14. is Transaction filters works" classname="[webkit] › tests\MercuryTransactionTest.spec.js › 14. is Transaction filters works" time="0.033">
<failure message="MercuryTransactionTest.spec.js:3:5 14. is Transaction filters works" type="FAILURE">
<![CDATA[  [webkit] › tests\MercuryTransactionTest.spec.js:3:5 › 14. is Transaction filters works ===========

    Error: ENOENT: no such file or directory, open 'C:\Users\chiaj\Desktop\school work\Year2\Sem 2\PFD\Assignment 2\PlaywrightTesting\PlaywrightTesting-1\auth.json'


]]>
</failure>
</testcase>
<testcase name="15. view all transactions" classname="[webkit] › tests\MercuryTransactionTest.spec.js › 15. view all transactions" time="0.023">
<failure message="MercuryTransactionTest.spec.js:16:5 15. view all transactions" type="FAILURE">
<![CDATA[  [webkit] › tests\MercuryTransactionTest.spec.js:16:5 › 15. view all transactions =================

    Error: ENOENT: no such file or directory, open 'C:\Users\chiaj\Desktop\school work\Year2\Sem 2\PFD\Assignment 2\PlaywrightTesting\PlaywrightTesting-1\auth.json'


]]>
</failure>
</testcase>
</testsuite>
<testsuite name="tests\MercuryTreasuryTest.spec.js" timestamp="1673972274204" hostname="" tests="4" failures="4" skipped="0" time="0.184" errors="0">
<testcase name="27. Treasury Page Available" classname="[webkit] › tests\MercuryTreasuryTest.spec.js › 27. Treasury Page Available" time="0.047">
<failure message="MercuryTreasuryTest.spec.js:3:5 27. Treasury Page Available" type="FAILURE">
<![CDATA[  [webkit] › tests\MercuryTreasuryTest.spec.js:3:5 › 27. Treasury Page Available ===================

    Error: ENOENT: no such file or directory, open 'C:\Users\chiaj\Desktop\school work\Year2\Sem 2\PFD\Assignment 2\PlaywrightTesting\PlaywrightTesting-1\auth.json'


]]>
</failure>
</testcase>
<testcase name="28. Treasury Transfer In" classname="[webkit] › tests\MercuryTreasuryTest.spec.js › 28. Treasury Transfer In" time="0.061">
<failure message="MercuryTreasuryTest.spec.js:8:5 28. Treasury Transfer In" type="FAILURE">
<![CDATA[  [webkit] › tests\MercuryTreasuryTest.spec.js:8:5 › 28. Treasury Transfer In ======================

    Error: ENOENT: no such file or directory, open 'C:\Users\chiaj\Desktop\school work\Year2\Sem 2\PFD\Assignment 2\PlaywrightTesting\PlaywrightTesting-1\auth.json'


]]>
</failure>
</testcase>
<testcase name="29. Treasury Transfer out" classname="[webkit] › tests\MercuryTreasuryTest.spec.js › 29. Treasury Transfer out" time="0.04">
<failure message="MercuryTreasuryTest.spec.js:22:5 29. Treasury Transfer out" type="FAILURE">
<![CDATA[  [webkit] › tests\MercuryTreasuryTest.spec.js:22:5 › 29. Treasury Transfer out ====================

    Error: ENOENT: no such file or directory, open 'C:\Users\chiaj\Desktop\school work\Year2\Sem 2\PFD\Assignment 2\PlaywrightTesting\PlaywrightTesting-1\auth.json'


]]>
</failure>
</testcase>
<testcase name="30. Treasury Daily and Monthly filter" classname="[webkit] › tests\MercuryTreasuryTest.spec.js › 30. Treasury Daily and Monthly filter" time="0.036">
<failure message="MercuryTreasuryTest.spec.js:36:5 30. Treasury Daily and Monthly filter" type="FAILURE">
<![CDATA[  [webkit] › tests\MercuryTreasuryTest.spec.js:36:5 › 30. Treasury Daily and Monthly filter ========

    Error: ENOENT: no such file or directory, open 'C:\Users\chiaj\Desktop\school work\Year2\Sem 2\PFD\Assignment 2\PlaywrightTesting\PlaywrightTesting-1\auth.json'


]]>
</failure>
</testcase>
</testsuite>
</testsuites>